{
  "stats": {
    "suites": 4,
    "tests": 4,
    "passes": 4,
    "pending": 0,
    "failures": 0,
    "start": "2025-08-15T03:56:48.780Z",
    "end": "2025-08-15T03:57:23.795Z",
    "duration": 35015,
    "testsRegistered": 4,
    "passPercent": 100,
    "pendingPercent": 0,
    "other": 0,
    "hasOther": false,
    "skipped": 0,
    "hasSkipped": false
  },
  "results": [
    {
      "uuid": "1628bde6-6bcf-4d4d-8808-496d18354b08",
      "title": "",
      "fullFile": "cypress\\e2e\\Your store.cy.js",
      "file": "cypress\\e2e\\Your store.cy.js",
      "beforeHooks": [],
      "afterHooks": [],
      "tests": [],
      "suites": [
        {
          "uuid": "5307e5a0-6bdb-485b-821d-7c0f7606f539",
          "title": "Formulario de registro",
          "fullFile": "",
          "file": "",
          "beforeHooks": [],
          "afterHooks": [],
          "tests": [
            {
              "title": "Validar el llenado del formulario de registro",
              "fullTitle": "Formulario de registro Validar el llenado del formulario de registro",
              "timedOut": null,
              "duration": 3665,
              "state": "passed",
              "speed": "fast",
              "pass": true,
              "fail": false,
              "pending": false,
              "context": null,
              "code": "cy.visit('https://opencart.abstracta.us/');\ncy.get('.dropdown > .dropdown-toggle > .hidden-xs').click({\n  force: true\n});\ncy.get('.dropdown-menu > :nth-child(1) > a').click({\n  force: true\n});\ncy.get('#input-firstname').type('Juan Manuel');\ncy.get('#input-lastname').type('Lopez Rodriguez');\ncy.get('#input-email').type('froufanalloidoi-2711@yopmail.com');\ncy.get('#input-telephone').type('3366998855');\ncy.get('#input-password').type('Test12345.');\ncy.get('#input-confirm').type('Test12345.');\ncy.get('[type=\"checkbox\"]').click({\n  force: true\n});\ncy.get('.pull-right > .btn').click({\n  force: true\n});\ncy.get('.alert').should('be.visible');\ncy.get('.alert').should('include.text', 'Warning: E-Mail Address is already registered!');",
              "err": {},
              "uuid": "581c7ec0-5d29-4b4a-8de9-a3a222c06d35",
              "parentUUID": "5307e5a0-6bdb-485b-821d-7c0f7606f539",
              "isHook": false,
              "skipped": false
            }
          ],
          "suites": [],
          "passes": [
            "581c7ec0-5d29-4b4a-8de9-a3a222c06d35"
          ],
          "failures": [],
          "pending": [],
          "skipped": [],
          "duration": 3665,
          "root": false,
          "rootEmpty": false,
          "_timeout": 2000
        },
        {
          "uuid": "59437f38-38f2-45ff-914c-62222489e00f",
          "title": "Inicio de sesión",
          "fullFile": "",
          "file": "",
          "beforeHooks": [],
          "afterHooks": [],
          "tests": [
            {
              "title": "Validar el correcto inicio de sesión",
              "fullTitle": "Inicio de sesión Validar el correcto inicio de sesión",
              "timedOut": null,
              "duration": 1515,
              "state": "passed",
              "speed": "fast",
              "pass": true,
              "fail": false,
              "pending": false,
              "context": null,
              "code": "cy.visit('https://opencart.abstracta.us/');\ncy.get('.dropdown > .dropdown-toggle > .hidden-xs').click({\n  force: true\n});\ncy.get('.dropdown-menu > :nth-child(2) > a').click({\n  force: true\n});\ncy.get('#input-email').type('froufanalloidoi-2711@yopmail.com');\ncy.get('#input-password').type('Test12345.');\ncy.get('form > .btn').click({\n  force: true\n});\ncy.get('#content > :nth-child(1)').should('be.visible');\ncy.get('#content > :nth-child(1)').should('have.text', 'My Account');\ncy.get('#content > :nth-child(2) > :nth-child(1) > a').should('be.visible');\ncy.get('#content > :nth-child(2) > :nth-child(1) > a').should('have.text', 'Edit Account');\ncy.get('#content > :nth-child(3)').should('be.visible');\ncy.get('#content > :nth-child(3)').should('have.text', 'My Orders');\ncy.get('#content > :nth-child(4) > :nth-child(1) > a').should('be.visible');\ncy.get('#content > :nth-child(4) > :nth-child(1) > a').should('have.text', 'Order History');\ncy.get('#content > :nth-child(4) > :nth-child(3) > a').should('be.visible');\ncy.get('#content > :nth-child(4) > :nth-child(3) > a').should('have.text', 'Reward Points');\ncy.get(':nth-child(4) > :nth-child(5) > a').should('be.visible');\ncy.get(':nth-child(4) > :nth-child(5) > a').should('have.text', 'Transactions');",
              "err": {},
              "uuid": "f90bcd7d-bada-42cd-8230-5b2d76181ca5",
              "parentUUID": "59437f38-38f2-45ff-914c-62222489e00f",
              "isHook": false,
              "skipped": false
            }
          ],
          "suites": [],
          "passes": [
            "f90bcd7d-bada-42cd-8230-5b2d76181ca5"
          ],
          "failures": [],
          "pending": [],
          "skipped": [],
          "duration": 1515,
          "root": false,
          "rootEmpty": false,
          "_timeout": 2000
        },
        {
          "uuid": "2f96dc95-9be1-4ff3-8dea-69ce6e0b0a0c",
          "title": "Reestablecimiento de contraseña",
          "fullFile": "",
          "file": "",
          "beforeHooks": [],
          "afterHooks": [],
          "tests": [
            {
              "title": "Validar el correcto reestablecimiento de contraseña",
              "fullTitle": "Reestablecimiento de contraseña Validar el correcto reestablecimiento de contraseña",
              "timedOut": null,
              "duration": 1531,
              "state": "passed",
              "speed": "fast",
              "pass": true,
              "fail": false,
              "pending": false,
              "context": null,
              "code": "cy.visit('https://opencart.abstracta.us/');\ncy.get('.dropdown > .dropdown-toggle > .hidden-xs').click({\n  force: true\n});\ncy.get('.dropdown-menu > :nth-child(2) > a').click({\n  force: true\n});\ncy.get('form > :nth-child(2) > a').click({\n  force: true\n});\ncy.get('#input-email').type('froufanalloidoi-2711@yopmail.com');\ncy.get('.pull-right > .btn').click({\n  force: true\n});\ncy.get('.alert').should('be.visible');\ncy.get('.alert').should('include.text', 'An email with a confirmation link has been sent your email address.');",
              "err": {},
              "uuid": "e5b99cc7-cf85-4143-b87b-34c5df320380",
              "parentUUID": "2f96dc95-9be1-4ff3-8dea-69ce6e0b0a0c",
              "isHook": false,
              "skipped": false
            }
          ],
          "suites": [],
          "passes": [
            "e5b99cc7-cf85-4143-b87b-34c5df320380"
          ],
          "failures": [],
          "pending": [],
          "skipped": [],
          "duration": 1531,
          "root": false,
          "rootEmpty": false,
          "_timeout": 2000
        },
        {
          "uuid": "86bf2900-607e-47b1-a279-ec42c3c04023",
          "title": "Proceso de compra",
          "fullFile": "",
          "file": "",
          "beforeHooks": [],
          "afterHooks": [],
          "tests": [
            {
              "title": "Validar el correcto proceso de compra completo",
              "fullTitle": "Proceso de compra Validar el correcto proceso de compra completo",
              "timedOut": null,
              "duration": 26316,
              "state": "passed",
              "speed": "slow",
              "pass": true,
              "fail": false,
              "pending": false,
              "context": null,
              "code": "cy.visit('https://opencart.abstracta.us/');\ncy.get('.dropdown > .dropdown-toggle > .hidden-xs').click({\n  force: true\n});\ncy.get('.dropdown-menu > :nth-child(2) > a').click({\n  force: true\n});\ncy.get('#input-email').type('froufanalloidoi-2711@yopmail.com', {\n  delay: 100\n});\ncy.get('#input-password').type('Test12345.', {\n  delay: 100\n});\ncy.get('form > .btn').click({\n  force: true\n});\ncy.wait(1000);\ncy.get('.nav > :nth-child(2) > .dropdown-toggle').click({\n  force: true\n});\ncy.get('.open > .dropdown-menu > .see-all').should('be.visible');\ncy.wait(1000);\ncy.get('.open > .dropdown-menu > .see-all').click;\ncy.visit('https://opencart.abstracta.us/index.php?route=product/category&path=18');\ncy.get(':nth-child(4) > .product-thumb > :nth-child(2) > .caption > h4 > a').scrollIntoView().should('be.visible');\ncy.wait(1000);\ncy.get('#content > div:nth-child(7) > div:nth-child(4) > div > div:nth-child(2) > div.button-group > button:nth-child(1)').click({\n  force: true\n});\ncy.get('.alert').should('be.visible');\ncy.get('.alert').should('include.text', 'Success: You have added MacBook Pro to your shopping cart!');\ncy.get('#search > .form-control').type('Samsung Galaxy', {\n  delay: 100\n});\ncy.wait(1000);\ncy.get('.input-group-btn > .btn').click({\n  force: true\n});\ncy.wait(1000);\ncy.get('#content > div:nth-child(8) > div > div > div:nth-child(2) > div.button-group > button:nth-child(1) > span').click({\n  force: true\n});\ncy.get('.alert').should('be.visible');\ncy.get('.alert').should('include.text', 'Success: You have added Samsung Galaxy Tab 10.1 to your shopping cart!');\ncy.wait(1000);\ncy.get('.btn-inverse').click({\n  force: true\n});\ncy.get(':nth-child(1) > :nth-child(5) > .btn').should('be.visible');\ncy.wait(1000);\ncy.get(':nth-child(1) > :nth-child(5) > .btn').click({\n  force: true\n});\ncy.wait(1000);\ncy.get('#content > div:nth-child(8) > div > div > div:nth-child(2) > div.button-group > button:nth-child(1) > span').click({\n  force: true\n});\ncy.get('.alert').should('be.visible');\ncy.get('.alert').should('include.text', 'Success: You have added Samsung Galaxy Tab 10.1 to your shopping cart!');\ncy.wait(1000);\ncy.get('.btn-inverse').click({\n  force: true\n});\ncy.get('[href=\"https://opencart.abstracta.us:443/index.php?route=checkout/checkout\"] > strong').should('be.visible');\ncy.wait(1000);\ncy.get('[href=\"https://opencart.abstracta.us:443/index.php?route=checkout/checkout\"] > strong').click({\n  force: true\n});\ncy.wait(1000);\ncy.get('#button-payment-address').click({\n  force: true\n});\ncy.wait(1000);\ncy.get('#button-shipping-address').click({\n  force: true\n});\ncy.wait(1000);\ncy.get('#button-shipping-method').click({\n  force: true\n});\ncy.wait(1000);\ncy.get('#collapse-payment-method > .panel-body > :nth-child(3) > label > input').click({\n  force: true\n});\ncy.wait(1000);\ncy.get('[type=\"checkbox\"]').click({\n  force: true\n});\ncy.wait(1000);\ncy.get('#button-payment-method').click({\n  force: true\n});\ncy.wait(1000);\ncy.get('#button-confirm').click;\ncy.visit('https://opencart.abstracta.us/index.php?route=checkout/success');\ncy.get('#content > h1').should('include.text', 'Your order has been placed!');",
              "err": {},
              "uuid": "4763643a-2c31-4ff5-8a34-6e7a398b6553",
              "parentUUID": "86bf2900-607e-47b1-a279-ec42c3c04023",
              "isHook": false,
              "skipped": false
            }
          ],
          "suites": [],
          "passes": [
            "4763643a-2c31-4ff5-8a34-6e7a398b6553"
          ],
          "failures": [],
          "pending": [],
          "skipped": [],
          "duration": 26316,
          "root": false,
          "rootEmpty": false,
          "_timeout": 2000
        }
      ],
      "passes": [],
      "failures": [],
      "pending": [],
      "skipped": [],
      "duration": 0,
      "root": true,
      "rootEmpty": true,
      "_timeout": 2000
    }
  ],
  "meta": {
    "mocha": {
      "version": "7.2.0"
    },
    "mochawesome": {
      "options": {
        "quiet": false,
        "reportFilename": "mochawesome",
        "saveHtml": true,
        "saveJson": true,
        "consoleReporter": "spec",
        "useInlineDiffs": false,
        "code": true
      },
      "version": "7.1.3"
    },
    "marge": {
      "options": {
        "reportDir": "cypress/reports",
        "overwrite": false,
        "html": true,
        "json": true
      },
      "version": "6.2.0"
    }
  }
}